2023-11-29 16:44:16,905 - INFO: Shapefiles loaded successfully.
2023-11-29 16:44:17,511 - INFO: Religion data loaded successfully.
2023-11-29 16:44:17,526 - INFO: Data merged successfully.
2023-11-29 16:44:18,392 - INFO: First plot created successfully.
2023-11-29 16:44:19,802 - INFO: Second plot created successfully.
2023-11-29 16:44:19,803 - INFO: Pipeline execution completed successfully.
2023-11-29 18:18:29,072 - INFO: Shapefiles loaded successfully.
2023-11-29 18:18:29,487 - INFO: Religion data loaded successfully.
2023-11-29 18:18:29,502 - INFO: Data merged successfully.
2023-11-29 18:18:30,334 - INFO: First plot created successfully.
2023-11-29 18:18:31,553 - INFO: Second plot created successfully.
2023-11-29 18:18:31,555 - INFO: Pipeline execution completed successfully.
2023-11-29 19:18:59,898 - INFO: Shapefiles loaded successfully.
2023-11-29 19:19:00,275 - INFO: Religion data loaded successfully.
2023-11-29 19:19:00,290 - INFO: Data merged successfully.
2023-11-29 19:19:01,060 - INFO: First plot created successfully.
2023-11-29 19:19:02,253 - INFO: Second plot created successfully.
2023-11-29 19:19:02,255 - INFO: Pipeline execution completed successfully.
2023-11-29 19:19:57,801 - INFO: Shapefiles loaded successfully.
2023-11-29 19:19:58,052 - INFO: Religion data loaded successfully.
2023-11-29 19:19:58,067 - INFO: Data merged successfully.
2023-11-29 19:19:58,833 - INFO: First plot created successfully.
2023-11-29 19:20:00,029 - INFO: Second plot created successfully.
2023-11-29 19:20:00,030 - INFO: Pipeline execution completed successfully.
2023-11-29 19:47:21,540 - INFO: Shapefiles loaded successfully.
2023-11-29 19:47:21,954 - INFO: Religion data loaded successfully.
2023-11-29 19:47:21,969 - INFO: Data merged successfully.
2023-11-29 19:47:22,721 - INFO: First plot created successfully.
2023-11-29 19:47:23,881 - INFO: Second plot created successfully.
2023-11-29 19:47:23,882 - INFO: Pipeline execution completed successfully.
2023-11-29 20:02:44,521 - INFO: Data loaded and merged successfully.
2023-11-29 20:02:45,287 - INFO: First plot created successfully.
2023-11-29 20:02:46,454 - INFO: Second plot created successfully.
2023-11-29 20:02:46,455 - INFO: Pipeline execution completed successfully.
2023-11-29 20:14:36,580 - INFO: Data loaded and merged successfully.
2023-11-29 20:14:37,382 - INFO: First plot created successfully.
2023-11-29 20:14:38,670 - INFO: Second plot created successfully.
2023-11-29 20:14:38,672 - INFO: Pipeline execution completed successfully.
